/nuist/scratch/pb02005030/lism/CMAQ5.3 /nuist/scratch/pb02005030/lism/CMAQ5.3/scripts 
Compiler is set to gcc
/nuist/scratch/pb02005030/lism/CMAQ5.3/scripts 
 
 Input data path, CMAQ_DATA set to /nuist/scratch/pb02005030/lism/CMAQ5.3/data
 

model       BCON_v531.exe;

repo        /nuist/scratch/pb02005030/lism/CMAQ5.3/PREP/bcon/src;

lib_base    /nuist/scratch/pb02005030/lism/CMAQ5.3/lib/x86_64/gcc;

lib_1       ioapi/lib;

lib_2       ioapi/include_files;

lib_4       ioapi/lib;

cpp_flags   "";

f_compiler  mpifort;

fstd        "-O3 -funroll-loops -finit-character=32 -Wtabs -Wsurprising -march=native -ftree-vectorize  -ftree-loop-if-convert -finline-limit=512";

dbg         "-Wall -O0 -g -fcheck=all -ffpe-trap=invalid,zero,overflow -fbacktrace";

f_flags     "-ffixed-form -ffixed-line-length-132 -funroll-loops -finit-character=32";

f90_flags   "-ffree-form -ffree-line-length-none -funroll-loops -finit-character=32";

link_flags  "-fopenmp";

ioapi       "-lioapi";

netcdf      "-lnetcdf ";

netcdff      "-lnetcdff";

// project repository location: /nuist/scratch/pb02005030/lism/CMAQ5.3/PREP/bcon/src

// required common
Module common;

// options are m3conc
Module m3conc;

// options are profile
Module profile;

 
setenv GRID_NAME 2019_BRW
setenv GRIDDESC /nuist/scratch/pb02005030/lism/CMAQ5.3/data/BRW/mcip/2019_BRW/GRIDDESC
setenv IOAPI_ISPH 20
setenv IOAPI_LOG_WRITE F
setenv IOAPI_OFFSET_64 YES
setenv EXECUTION_ID BCON_v531.exe
setenv BCON_TYPE ` echo $BCTYPE | tr "[A-Z]" "[a-z]" `
tr [A-Z] [a-z]
echo profile
set OUTDIR = /nuist/scratch/pb02005030/lism/CMAQ5.3/data/BRW/bcon
set DATE = 2019-03-28
set YYYYJJJ = `date -ud "${DATE}" +%Y%j`
date -ud 2019-03-28 +%Y%j
set YYMMDD = `date -ud "${DATE}" +%y%m%d`
date -ud 2019-03-28 +%y%m%d
set YYYYMMDD = `date -ud "${DATE}" +%Y%m%d`
date -ud 2019-03-28 +%Y%m%d
if ( profile == regrid ) then
if ( profile == profile ) then
setenv BC_PROFILE /nuist/scratch/pb02005030/lism/CMAQ5.3/PREP/bcon/scripts/BLD_BCON_v531_gcc/avprofile_cb6r3m_ae7_kmtbr_hemi2016_v53beta2_m3dry_col051_row068.csv
setenv MET_BDY_3D_FIN /nuist/scratch/pb02005030/lism/CMAQ5.3/data/BRW/mcip/2019_BRW/METBDY3D_190316.nc
setenv BNDY_CONC_1 /nuist/scratch/pb02005030/lism/CMAQ5.3/data/BRW/bcon/BCON_v531_190316_profile_20190328.nc -v
endif
if ( ! -d /nuist/scratch/pb02005030/lism/CMAQ5.3/data/BRW/bcon ) mkdir -p /nuist/scratch/pb02005030/lism/CMAQ5.3/data/BRW/bcon
ls -l /nuist/scratch/pb02005030/lism/CMAQ5.3/PREP/bcon/scripts/BLD_BCON_v531_gcc/BCON_v531.exe
-rwxr-xr-x 1 lism pb02005030 4775032 May 28  2020 /nuist/scratch/pb02005030/lism/CMAQ5.3/PREP/bcon/scripts/BLD_BCON_v531_gcc/BCON_v531.exe
size /nuist/scratch/pb02005030/lism/CMAQ5.3/PREP/bcon/scripts/BLD_BCON_v531_gcc/BCON_v531.exe
   text	   data	    bss	    dec	    hex	filename
1006233	3714372	6425160	11145765	 aa1225	/nuist/scratch/pb02005030/lism/CMAQ5.3/PREP/bcon/scripts/BLD_BCON_v531_gcc/BCON_v531.exe
unlimit
limit
cputime      unlimited
filesize     unlimited
datasize     unlimited
stacksize    unlimited
coredumpsize unlimited
memoryuse    unlimited
vmemoryuse   unlimited
descriptors  102400 
memorylocked unlimited
maxproc      511234 
maxlocks     unlimited
maxsignal    511234 
maxmessage   819200 
maxnice      0 
maxrtprio    0 
maxrttime    unlimited
/nuist/scratch/pb02005030/lism/CMAQ5.3/PREP/bcon/scripts/BLD_BCON_v531_gcc/BCON_v531.exe
                                                                     
     This program uses the EPA-AREAL/MCNC-EnvPgms/BAMS Models-3      
     I/O Applications Programming Interface, [I/O API] which is      
     built on top of the netCDF I/O library (Copyright 1993, 1996    
     University Corporation for Atmospheric Research/Unidata         
     Program) and the PVM parallel-programming library (from         
     Oak Ridge National Laboratory).                                 
     Copyright (C) 1992-2002 MCNC,                                   
     (C) 1992-2013 Carlie J. Coats, Jr.,                             
     (C) 2003-2012 Baron Advanced Meteorological Systems, LLC, and   
     (C) 2014-2016 UNC Institute for the Environment.                
     Released under the GNU LGPL  License, version 2.1.  See URL     
                                                                     
         https://www.gnu.org/licenses/old-licenses/lgpl-2.1.html     
                                                                     
     for conditions of use.                                          
                                                                     
     ioapi-3.2: $Id: init3.F90 320 2016-02-26 15:55:00Z coats $
     Version with PARMS3.EXT/PARAMETER::MXVARS3= 2048
     netCDF version 4.3.0 of Jan  3 2018 09:13:06 $
      
      
     EXECUTION_ID: BCON_v531.exe
     Value for BCON_TYPE:  'profile'
     Value for BCON_TYPE:  'profile'
     Value for GRID_NAME:  '2019_BRW'
     Value for GRID_NAME:  '2019_BRW'

     File "GRIDDESC" opened for input on unit:  99
     /nuist/scratch/pb02005030/lism/CMAQ5.3/data/BRW/mcip/2019_BRW/GRIDDESC

     Value for IOAPI_CHECK_HEADERS not defined;returning default:   FALSE
      
     "MET_BDY_3D_FIN" opened as OLD:READ-ONLY   
     File name "/nuist/scratch/pb02005030/lism/CMAQ5.3/data/BRW/mcip/2019_BRW/METBDY3D_190316.nc"
     File type BNDARY3 
     Execution ID "mcip"
     Grid name "2019_BRW_CROSS"
     Dimensions: 180 rows, 219 cols, 34 lays, 16 vbles, 1 cells thick
     NetCDF ID:     65536  opened as READONLY            
     Starting date and time  2019087:000000 (0:00:00   March 28, 2019)
     Timestep                          010000 (1:00:00 hh:mm:ss)
     Maximum current record number       217


 ###############################################################################
 #  Input file section 
 ###############################################################################

     Boundary Concentrations from an input BC profile file.
     BCs do not vary with time.
     Value for BC_PROFILE:  '/nuist/scratch/pb02005030/lism/CMAQ5.3/PREP/bcon/scripts/BLD_BCON_v531_gcc/avprofile_cb6r3m_ae7_kmtbr_hemi2016_v53beta2_m3dry_col051_row068.csv'
     Value for BC_PROFILE:  '/nuist/scratch/pb02005030/lism/CMAQ5.3/PREP/bcon/scripts/BLD_BCON_v531_gcc/avprofile_cb6r3m_ae7_kmtbr_hemi2016_v53beta2_m3dry_col051_row068.csv'
     Linear vertical interpolation used


 ###############################################################################
 #  Output File Section 
 ###############################################################################
     Value for EXECUTION_ID:  'BCON_v531.exe'
     Value for EXECUTION_ID:  'BCON_v531.exe'


     Total number of ouput files created: 1
     Value for BNDY_CONC_1:  '/nuist/scratch/pb02005030/lism/CMAQ5.3/data/BRW/bcon/BCON_v531_190316_profile_20190328.nc -v'
     Value for BNDY_CONC_1:  '/nuist/scratch/pb02005030/lism/CMAQ5.3/data/BRW/bcon/BCON_v531_190316_profile_20190328.nc -v'


     IO/API Header data for BC file 1: BNDY_CONC_1     

          EXEC_ID: BCON_v531.exe                                                                   
          FTYPE =    2
          SDATE =       0
          STIME =       0
          TSTEP =       0
          NCOLS =  219
          NROWS =  180
          NLAYS =   34
          NTHIK =    1
          NVARS =  248
          GDTYP =    6
          P_ALP =    1.00000E+00
          P_BET =    6.00000E+01
          P_GAM =   -1.56795E+02
          XCENT =   -1.56795E+02
          YCENT =    7.00000E+01
          XORIG =   -3.28500E+05
          YORIG =   -2.50710E+06
          XCELL =    3.00000E+03
          YCELL =    3.00000E+03
          VGTYP =    7
          VGTOP =    5.00000E+03
          GDNAM = 2019_BRW        

          VGLVS =    1.00000E+00   9.93000E-01   9.83000E-01   9.70000E-01   9.54000E-01
                     9.34000E-01   9.09000E-01   8.80000E-01   8.37541E-01   7.95082E-01
                     7.52622E-01   7.10163E-01   6.34900E-01   5.65540E-01   5.01710E-01
                     4.43057E-01   3.89243E-01   3.39980E-01   2.96209E-01   2.57317E-01
                     2.22762E-01   1.92059E-01   1.64779E-01   1.40541E-01   1.19005E-01
                     9.98694E-02   8.28675E-02   6.77611E-02   5.43389E-02   4.24131E-02
                     3.18168E-02   2.24019E-02   1.40367E-02   6.60400E-03   0.00000E+00


          Output Variables:
          Variable name     Variable type    Variable units 
          NO2                     5          ppmV            
          NO                      5          ppmV            
          O                       5          ppmV            
          O3                      5          ppmV            
          NO3                     5          ppmV            
          O1D                     5          ppmV            
          OH                      5          ppmV            
          HO2                     5          ppmV            
          H2O2                    5          ppmV            
          N2O5                    5          ppmV            
          HNO3                    5          ppmV            
          HONO                    5          ppmV            
          PNA                     5          ppmV            
          SO2                     5          ppmV            
          SULF                    5          ppmV            
          C2O3                    5          ppmV            
          MEO2                    5          ppmV            
          RO2                     5          ppmV            
          PAN                     5          ppmV            
          PACD                    5          ppmV            
          AACD                    5          ppmV            
          CXO3                    5          ppmV            
          ALD2                    5          ppmV            
          XO2H                    5          ppmV            
          PANX                    5          ppmV            
          FORM                    5          ppmV            
          MEPX                    5          ppmV            
          MEOH                    5          ppmV            
          ROOH                    5          ppmV            
          XO2                     5          ppmV            
          XO2N                    5          ppmV            
          XPAR                    5          ppmV            
          XPRP                    5          ppmV            
          NTR1                    5          ppmV            
          NTR2                    5          ppmV            
          FACD                    5          ppmV            
          CO                      5          ppmV            
          HCO3                    5          ppmV            
          ALDX                    5          ppmV            
          GLYD                    5          ppmV            
          GLY                     5          ppmV            
          MGLY                    5          ppmV            
          ETHA                    5          ppmV            
          ETOH                    5          ppmV            
          KET                     5          ppmV            
          PAR                     5          ppmV            
          ACET                    5          ppmV            
          PRPA                    5          ppmV            
          ROR                     5          ppmV            
          ETHY                    5          ppmV            
          ETH                     5          ppmV            
          OLE                     5          ppmV            
          IOLE                    5          ppmV            
          ISOP                    5          ppmV            
          ISO2                    5          ppmV            
          ISPD                    5          ppmV            
          INTR                    5          ppmV            
          ISPX                    5          ppmV            
          HPLD                    5          ppmV            
          OPO3                    5          ppmV            
          EPOX                    5          ppmV            
          EPX2                    5          ppmV            
          TERP                    5          ppmV            
          APIN                    5          ppmV            
          TERPNRO2                5          ppmV            
          MTNO3                   5          ppmV            
          BENZENE                 5          ppmV            
          CRES                    5          ppmV            
          BZO2                    5          ppmV            
          OPEN                    5          ppmV            
          BENZRO2                 5          ppmV            
          TOL                     5          ppmV            
          TO2                     5          ppmV            
          TOLRO2                  5          ppmV            
          XOPN                    5          ppmV            
          XYLMN                   5          ppmV            
          XLO2                    5          ppmV            
          XYLRO2                  5          ppmV            
          NAPH                    5          ppmV            
          PAHRO2                  5          ppmV            
          CRO                     5          ppmV            
          CAT1                    5          ppmV            
          CRON                    5          ppmV            
          OPAN                    5          ppmV            
          ECH4                    5          ppmV            
          CL2                     5          ppmV            
          CL                      5          ppmV            
          HOCL                    5          ppmV            
          CLO                     5          ppmV            
          FMCL                    5          ppmV            
          HCL                     5          ppmV            
          CLNO2                   5          ppmV            
          CLNO3                   5          ppmV            
          SESQ                    5          ppmV            
          SOAALK                  5          ppmV            
          H2NO3PIJ                5          ppmV            
          H2NO3PK                 5          ppmV            
          VLVPO1                  5          ppmV            
          VSVPO1                  5          ppmV            
          VSVPO2                  5          ppmV            
          VSVPO3                  5          ppmV            
          VIVPO1                  5          ppmV            
          VLVOO1                  5          ppmV            
          VLVOO2                  5          ppmV            
          VSVOO1                  5          ppmV            
          VSVOO2                  5          ppmV            
          VSVOO3                  5          ppmV            
          PCVOC                   5          ppmV            
          FORM_PRIMARY            5          ppmV            
          ALD2_PRIMARY            5          ppmV            
          BUTADIENE13             5          ppmV            
          ACROLEIN                5          ppmV            
          ACRO_PRIMARY            5          ppmV            
          TOLU                    5          ppmV            
          HG                      5          ppmV            
          HGIIGAS                 5          ppmV            
          SVAVB1                  5          ppmV            
          SVAVB2                  5          ppmV            
          SVAVB3                  5          ppmV            
          SVAVB4                  5          ppmV            
          BR                      5          ppmV            
          BRO                     5          ppmV            
          HOBR                    5          ppmV            
          HBR                     5          ppmV            
          BR2                     5          ppmV            
          BRNO3                   5          ppmV            
          BRNO2                   5          ppmV            
          FMBR                    5          ppmV            
          CH3BR                   5          ppmV            
          MB3                     5          ppmV            
          MB2                     5          ppmV            
          MB2C                    5          ppmV            
          MBC2                    5          ppmV            
          MBC                     5          ppmV            
          DMS                     5          ppmV            
          MSA                     5          ppmV            
          BRCL                    5          ppmV            
          I                       5          ppmV            
          IO                      5          ppmV            
          HI                      5          ppmV            
          I2                      5          ppmV            
          HOI                     5          ppmV            
          INO                     5          ppmV            
          INO2                    5          ppmV            
          INO3                    5          ppmV            
          OIO                     5          ppmV            
          I2O4                    5          ppmV            
          I2O2                    5          ppmV            
          I2O3                    5          ppmV            
          CH3I                    5          ppmV            
          ICL                     5          ppmV            
          IBR                     5          ppmV            
          MI2                     5          ppmV            
          MIB                     5          ppmV            
          MIC                     5          ppmV            
          ASO4J                   5          ug m-3          
          ASO4I                   5          ug m-3          
          ANH4J                   5          ug m-3          
          ANH4I                   5          ug m-3          
          ANO3J                   5          ug m-3          
          ANO3I                   5          ug m-3          
          AISO1J                  5          ug m-3          
          AISO2J                  5          ug m-3          
          ASQTJ                   5          ug m-3          
          AORGCJ                  5          ug m-3          
          AECJ                    5          ug m-3          
          AECI                    5          ug m-3          
          AOTHRJ                  5          ug m-3          
          AOTHRI                  5          ug m-3          
          AFEJ                    5          ug m-3          
          AALJ                    5          ug m-3          
          ASIJ                    5          ug m-3          
          ATIJ                    5          ug m-3          
          ACAJ                    5          ug m-3          
          AMGJ                    5          ug m-3          
          AKJ                     5          ug m-3          
          AMNJ                    5          ug m-3          
          ACORS                   5          ug m-3          
          ASOIL                   5          ug m-3          
          NUMATKN                 5          m-3             
          NUMACC                  5          m-3             
          NUMCOR                  5          m-3             
          SRFATKN                 5          m2 m-3          
          SRFACC                  5          m2 m-3          
          SRFCOR                  5          m2 m-3          
          AORGH2OJ                5          ug m-3          
          AH2OJ                   5          ug m-3          
          AH2OI                   5          ug m-3          
          AH3OPJ                  5          ug m-3          
          AH3OPI                  5          ug m-3          
          ANAJ                    5          ug m-3          
          ANAI                    5          ug m-3          
          ACLJ                    5          ug m-3          
          ACLI                    5          ug m-3          
          ASEACAT                 5          ug m-3          
          ACLK                    5          ug m-3          
          ASO4K                   5          ug m-3          
          ANH4K                   5          ug m-3          
          ANO3K                   5          ug m-3          
          AH2OK                   5          ug m-3          
          AH3OPK                  5          ug m-3          
          AISO3J                  5          ug m-3          
          AOLGAJ                  5          ug m-3          
          AOLGBJ                  5          ug m-3          
          AGLYJ                   5          ug m-3          
          AMTNO3J                 5          ug m-3          
          AMTHYDJ                 5          ug m-3          
          APCSOJ                  5          ug m-3          
          ALVPO1I                 5          ug m-3          
          ASVPO1I                 5          ug m-3          
          ASVPO2I                 5          ug m-3          
          ALVPO1J                 5          ug m-3          
          ASVPO1J                 5          ug m-3          
          ASVPO2J                 5          ug m-3          
          ASVPO3J                 5          ug m-3          
          AIVPO1J                 5          ug m-3          
          ALVOO1I                 5          ug m-3          
          ALVOO2I                 5          ug m-3          
          ASVOO1I                 5          ug m-3          
          ASVOO2I                 5          ug m-3          
          ALVOO1J                 5          ug m-3          
          ALVOO2J                 5          ug m-3          
          ASVOO1J                 5          ug m-3          
          ASVOO2J                 5          ug m-3          
          ASVOO3J                 5          ug m-3          
          AAVB1J                  5          ug m-3          
          AAVB2J                  5          ug m-3          
          AAVB3J                  5          ug m-3          
          AAVB4J                  5          ug m-3          
          AMT1J                   5          ug m-3          
          AMT2J                   5          ug m-3          
          AMT3J                   5          ug m-3          
          AMT4J                   5          ug m-3          
          AMT5J                   5          ug m-3          
          AMT6J                   5          ug m-3          
          ABRJ                    5          ug m-3          
          ABRK                    5          ug m-3          
          NH3                     5          ppmV            
          SVISO1                  5          ppmV            
          SVISO2                  5          ppmV            
          SVSQT                   5          ppmV            
          LVPCSOG                 5          ppmV            
          SVMT1                   5          ppmV            
          SVMT2                   5          ppmV            
          SVMT3                   5          ppmV            
          SVMT4                   5          ppmV            
          SVMT5                   5          ppmV            
          SVMT6                   5          ppmV            
     
     Value for IOAPI_CHECK_HEADERS not defined;returning default:   FALSE
      
     "BNDY_CONC_1" opened as UNKNOWN(R-W)    
     File name "/nuist/scratch/pb02005030/lism/CMAQ5.3/data/BRW/bcon/BCON_v531_190316_profile_20190328.nc"
     File type BNDARY3 
     Execution ID "BCON_v531.exe"
     Grid name "2019_BRW"
     Dimensions: 180 rows, 219 cols, 34 lays, 248 vbles, 1 cells thick
     NetCDF ID:    131072  opened as VOLATILE READWRITE  
     Time-independent data.
     Value for IOAPI_LOG_WRITE:  F returning FALSE


     >>---->  Program  BCON completed successfully  <----<< 


0.690u 0.064s 0:00.89 84.2%	0+0k 0+0io 0pf+0w
exit ( )
