Start Model Run At  Sun Jan 10 14:50:34 CST 2021
Compiler is set to gcc

Working Directory is /nuist/scratch/pb02005030/lism/CMAQ5.3/CCTM/scripts
Build Directory is /nuist/scratch/pb02005030/lism/CMAQ5.3/CCTM/scripts/BLD_CCTM_v531_gcc
Output Directory is /nuist/scratch/pb02005030/lism/CMAQ5.3/data/BRW/output_CCTM_v531_gcc_190316
Log Directory is /nuist/scratch/pb02005030/lism/CMAQ5.3/data/BRW/output_CCTM_v531_gcc_190316/LOGS
Executable Name is CCTM_v531.exe

---CMAQ EXECUTION ID: CMAQ_CCTMv531_lism_20210110_065034_958709801 ---

Set up input and output files for Day 2019-03-28.

Existing Logs and Output Files for Day 2019-03-28 Will Be Deleted
/bin/rm: No match.

CMAQ Processing of Day 20190328 Began at Sun Jan 10 14:50:35 CST 2021

        CTM_APPL  |  v531_gcc_190316_20190328
================================================================================          
|                                                                              |          
|               The Community Multiscale Air Quality (CMAQ) Model              |          
|                                   Version 5.3.1                              |          
|                                                                              |          
|                          Built and Maintained by the                         |          
|                        Office of Research and Development                    |          
|                   United States Environmental Protection Agency              |          
|                                                                              |          
|                            https://www.epa.gov/cmaq                          |          
|                                                                              |          
|       Source Code:   https://www.github.com/USEPA/cmaq/tree/master           |          
|       Documentation: https://www.github.com/USEPA/cmaq/tree/master/DOCS      |          
|                                                                              |          
|         The CMAQ Model is tested and released with cooperation from          |          
|         the Community Modeling and Analysis System (CMAS) Center via         |          
|         contract support. CMAS is managed by the Institute for the           |          
|         Environment, University of North Carolina at Chapel Hill.            |          
|         CMAS URL: (https://www.cmascenter.org)                               |          
|                                                                              |          
================================================================================          
                                                                     
     This program uses the EPA-AREAL/MCNC-EnvPgms/BAMS Models-3      
     I/O Applications Programming Interface, [I/O API] which is      
     built on top of the netCDF I/O library (Copyright 1993, 1996    
     University Corporation for Atmospheric Research/Unidata         
     Program) and the PVM parallel-programming library (from         
     Oak Ridge National Laboratory).                                 
     Copyright (C) 1992-2002 MCNC,                                   
     (C) 1992-2013 Carlie J. Coats, Jr.,                             
     (C) 2003-2012 Baron Advanced Meteorological Systems, LLC, and   
     (C) 2014-2016 UNC Institute for the Environment.                
     Released under the GNU LGPL  License, version 2.1.  See URL     
                                                                     
         https://www.gnu.org/licenses/old-licenses/lgpl-2.1.html     
                                                                     
     for conditions of use.                                          
                                                                     
     ioapi-3.2: $Id: init3.F90 320 2016-02-26 15:55:00Z coats $
     netCDF version 4.3.0 of Jan  3 2018 09:13:06 $
      

     ===========================================
     |>---   ENVIRONMENT VARIABLE REPORT   ---<|
     ===========================================

     |> Grid and High-Level Model Parameters:
     +=========================================
      --Env Variable-- | --Value--
      --------------------------------------------------------------------------------
             BLD  |             (default)
          OUTDIR  |  /nuist/scratch/pb02005030/lism/CMAQ5.3/data/BRW/output_CCTM_v531_gcc_190316
       NEW_START  |          T
  ISAM_NEW_START  |  Y (default)
       GRID_NAME  |  2019_BRW
       CTM_TSTEP  |       10000
      CTM_RUNLEN  |      240000
    CTM_PROGNAME  |  DRIVER (default)
      CTM_STDATE  |     2019087
      CTM_STTIME  |           0
     CTM_MAXSYNC  |         300
     CTM_MINSYNC  |          60

     |> Multiprocess control, output and error checking:
     +====================================================
      --Env Variable-- | --Value--
      --------------------------------------------------------------------------------
 PRINT_PROC_TIME  |          T
     FL_ERR_STOP  |          F
       CTM_CKSUM  |          T
AVG_FILE_ENDTIME  |          F
   AVG_CONC_SPCS  |  ALL
       CONC_SPCS  |  O3 NO ANO3I ANO3J NO2 FORM ISOP NH3 ANH4I ANH4J ASO4I ASO4J
 ACONC_BLEV_ELEV  |   1 1
  CONC_BLEV_ELEV  |   1 1
 IOAPI_LOG_WRITE  |          F
         VERTEXT  |          F
VERTEXT_COORD_PA  |  /nuist/scratch/pb02005030/lism/CMAQ5.3/CCTM/scripts/lonlat.csv
   gc_matrix_nml  |  /nuist/scratch/pb02005030/lism/CMAQ5.3/CCTM/scripts/BLD_CCTM_v531_gcc/GC_cb6r3m_ae7_kmtbr.nml
   ae_matrix_nml  |  /nuist/scratch/pb02005030/lism/CMAQ5.3/CCTM/scripts/BLD_CCTM_v531_gcc/AE_cb6r3m_ae7_kmtbr.nml
   nr_matrix_nml  |  /nuist/scratch/pb02005030/lism/CMAQ5.3/CCTM/scripts/BLD_CCTM_v531_gcc/NR_cb6r3m_ae7_kmtbr.nml
   tr_matrix_nml  |  /nuist/scratch/pb02005030/lism/CMAQ5.3/CCTM/scripts/BLD_CCTM_v531_gcc/Species_Table_TR_0.nml

     |> Chemistry and Photolysis:
     +=============================
      --Env Variable-- | --Value--
      --------------------------------------------------------------------------------
    CTM_PHOTDIAG  |          F
CORE_SHELL_OPTIC  |          F (default)
 OPTICS_MIE_CALC  |          F (default)
       GEAR_ATOL  |   0.100E-08 (default)
       GEAR_RTOL  |   0.100E-02 (default)
         RB_RTOL  |   0.100E-02 (default)
         RB_ATOL  |   0.100E-06 (default)

     |> Aerosols:
     +=============
      --Env Variable-- | --Value--
      --------------------------------------------------------------------------------
    CTM_AVISDIAG  |          F (default)
  CTM_ZERO_PCSOA  |          F (default)
         CTM_AOD  |          F (default)
      CTM_PMDIAG  |          F
     CTM_APMDIAG  |          T
APMDIAG_BLEV_ELE  |  1 1
 AVG_PMDIAG_SPCS  |             (default)
    STM_SO4TRACK  |          F

     |> Cloud Processes:
     +====================
      --Env Variable-- | --Value--
      --------------------------------------------------------------------------------
        CLD_DIAG  |          F

     |> Air-Surface Exchange Processes:
     +===================================
      --Env Variable-- | --Value--
      --------------------------------------------------------------------------------
      PX_VERSION  |          T
      CTM_ABFLUX  |          F
      CTM_MOSAIC  |          F
    CTM_SFC_HONO  |          T
     CLM_VERSION  |          F
    NOAH_VERSION  |          F
       CTM_STAGE  |          F (default)
   CTM_DEPV_FILE  |          F
      CTM_HGBIDI  |          F
CTM_BIDI_FERT_NH  |          T
 CTM_WBDUST_BELD  |  BELD3

     |> Transport Processes:
     +========================
      --Env Variable-- | --Value--
      --------------------------------------------------------------------------------
CTM_VDIFF_DIAG_F  |          F (default)
  SIGMA_SYNC_TOP  |   0.700E+00
    ADV_HDIV_LIM  |   0.900E+00 (default)
     CTM_ADV_CFL  |   0.950E+00
           KZMIN  |          T
        CTM_WVEL  |          T
   CTM_GRAV_SETL  |          T

     |> Emissions Parameters:
     +=========================
      --Env Variable-- | --Value--
      --------------------------------------------------------------------------------
   EMISSCTRL_NML  |  /nuist/scratch/pb02005030/lism/CMAQ5.3/CCTM/scripts/BLD_CCTM_v531_gcc/EmissCtrl_cb6r3m_ae7_kmtbr.nml
      CTM_EMLAYS  |           0 (default)
       N_EMIS_GR  |           1
       N_EMIS_TR  |           0 (default)
     CTM_EMISCHK  |          F
    CTM_BIOGEMIS  |          F
       BIOG_SPRO  |  DEFAULT (default)
        BIOSW_YN  |          F (default)
       SUMMER_YN  |          T (default)
      B3GTS_DIAG  |          F
    CTM_MGEMDIAG  |          F (default)
  CTM_OCEAN_CHEM  |          T
     CTM_WB_DUST  |          F
 CTM_DUSTEM_DIAG  |          F
    CTM_SSEMDIAG  |          F
     CTM_LTNG_NO  |          F
   LTNG_ASSIM_DT  |           0 (default)
          LTNGNO  |  InLine (default)
        USE_NLDN  |          F (default)
        LTNGDIAG  |          F
         MOLSNCG  |   0.350E+03 (default)
         MOLSNIC  |   0.350E+03 (default)
       N_EMIS_PT  |           0
          IPVERT  |           0 (default)
        EMISDIAG  |  F
   EMIS_SYM_DATE  |          F

     |> Process Analysis Parameters:
     +================================
      --Env Variable-- | --Value--
      --------------------------------------------------------------------------------
      CTM_PROCAN  |          F
    PA_BCOL_ECOL  |             (default)
    PA_BROW_EROW  |             (default)
    PA_BLEV_ELEV  |             (default)

     MET data determined based on WRF ARM version 3.9.1


          -=-  MPP Processor-to-Subdomain Map  -=-
                 Number of Processors =   1
    ____________________________________________________
    |                                                  |
    |  PE    #Cols    Col_Range     #Rows    Row_Range |
    |__________________________________________________|
    |                                                  |
    |  0      219      1: 219        180      1: 180   |
    |__________________________________________________|

application called MPI_Abort(MPI_COMM_WORLD, 538976288) - process 0
real 1.07
user 0.23
sys 0.49

**************************************************************
** Runscript Detected an Error: CGRID file was not written. **
**   This indicates that CMAQ was interrupted or an issue   **
**   exists with writing output. The runscript will now     **
**   abort rather than proceeding to subsequent days.       **
**************************************************************

==================================
  ***** CMAQ TIMING REPORT *****
==================================
Start Day: 2019-03-28
End Day:   2019-04-06
Number of Simulation Days: 1
Domain Name:               2019_BRW
Number of Grid Cells:      1379700  (ROW x COL x LAY)
Number of Layers:          35
Number of Processes:       1
   All times are in seconds.

Num  Day        Wall Time
01   2019-03-28   1.07
     Total Time = 1.07
      Avg. Time = 1.07
