/nuist/scratch/pb02005030/lism/CMAQ5.3 /nuist/scratch/pb02005030/lism/CMAQ5.3/scripts 
Compiler is set to gcc
/nuist/scratch/pb02005030/lism/CMAQ5.3/scripts 
 
 Input data path, CMAQ_DATA set to /nuist/scratch/pb02005030/lism/CMAQ5.3/data
 

model       ICON_v531.exe;

repo        /nuist/scratch/pb02005030/lism/CMAQ5.3/PREP/icon/src;

lib_base    /nuist/scratch/pb02005030/lism/CMAQ5.3/lib/x86_64/gcc;

lib_1       ioapi/lib;

lib_2       ioapi/include_files;

lib_4       ioapi/lib;

cpp_flags   "";

f_compiler  mpifort;

fstd        "-O3 -funroll-loops -finit-character=32 -Wtabs -Wsurprising -march=native -ftree-vectorize  -ftree-loop-if-convert -finline-limit=512";

dbg         "-Wall -O0 -g -fcheck=all -ffpe-trap=invalid,zero,overflow -fbacktrace";

f_flags     "-ffixed-form -ffixed-line-length-132 -funroll-loops -finit-character=32";

f90_flags   "-ffree-form -ffree-line-length-none -funroll-loops -finit-character=32";

link_flags  "-fopenmp";

ioapi       "-lioapi";

netcdf      "-lnetcdf ";

netcdff      "-lnetcdff";

// project repository location: /nuist/scratch/pb02005030/lism/CMAQ5.3/PREP/icon/src

// required common
Module common;

// options are m3conc
Module m3conc;

// options are profile
Module profile;

 
setenv GRID_NAME 2019_BRW
setenv GRIDDESC /nuist/scratch/pb02005030/lism/CMAQ5.3/data/BRW/mcip/2019_BRW/GRIDDESC
setenv IOAPI_ISPH 20
setenv IOAPI_LOG_WRITE F
setenv IOAPI_OFFSET_64 YES
setenv EXECUTION_ID ICON_v531.exe
setenv ICON_TYPE ` echo $ICTYPE | tr "[A-Z]" "[a-z]" `
tr [A-Z] [a-z]
echo profile
set OUTDIR = /nuist/scratch/pb02005030/lism/CMAQ5.3/data/BRW/icon
set DATE = 2019-03-28
set YYYYJJJ = `date -ud "${DATE}" +%Y%j`
date -ud 2019-03-28 +%Y%j
set YYMMDD = `date -ud "${DATE}" +%y%m%d`
date -ud 2019-03-28 +%y%m%d
set YYYYMMDD = `date -ud "${DATE}" +%Y%m%d`
date -ud 2019-03-28 +%Y%m%d
if ( profile == regrid ) then
if ( profile == profile ) then
setenv IC_PROFILE /nuist/scratch/pb02005030/lism/CMAQ5.3/PREP/icon/scripts/BLD_ICON_v531_gcc/avprofile_cb6r3m_ae7_kmtbr_hemi2016_v53beta2_m3dry_col051_row068.csv
setenv MET_CRO_3D_FIN /nuist/scratch/pb02005030/lism/CMAQ5.3/data/BRW/mcip/2019_BRW/METCRO3D_190316.nc
setenv INIT_CONC_1 /nuist/scratch/pb02005030/lism/CMAQ5.3/data/BRW/icon/ICON_v531_190316_profile_20190328.nc -v
endif
if ( ! -d /nuist/scratch/pb02005030/lism/CMAQ5.3/data/BRW/icon ) mkdir -p /nuist/scratch/pb02005030/lism/CMAQ5.3/data/BRW/icon
ls -l /nuist/scratch/pb02005030/lism/CMAQ5.3/PREP/icon/scripts/BLD_ICON_v531_gcc/ICON_v531.exe
-rwxr-xr-x 1 lism pb02005030 4774912 May 28  2020 /nuist/scratch/pb02005030/lism/CMAQ5.3/PREP/icon/scripts/BLD_ICON_v531_gcc/ICON_v531.exe
size /nuist/scratch/pb02005030/lism/CMAQ5.3/PREP/icon/scripts/BLD_ICON_v531_gcc/ICON_v531.exe
   text	   data	    bss	    dec	    hex	filename
1002449	3714308	6425128	11141885	 aa02fd	/nuist/scratch/pb02005030/lism/CMAQ5.3/PREP/icon/scripts/BLD_ICON_v531_gcc/ICON_v531.exe
unlimit
limit
cputime      unlimited
filesize     unlimited
datasize     unlimited
stacksize    unlimited
coredumpsize unlimited
memoryuse    unlimited
vmemoryuse   unlimited
descriptors  102400 
memorylocked unlimited
maxproc      511234 
maxlocks     unlimited
maxsignal    511234 
maxmessage   819200 
maxnice      0 
maxrtprio    0 
maxrttime    unlimited
/nuist/scratch/pb02005030/lism/CMAQ5.3/PREP/icon/scripts/BLD_ICON_v531_gcc/ICON_v531.exe
                                                                     
     This program uses the EPA-AREAL/MCNC-EnvPgms/BAMS Models-3      
     I/O Applications Programming Interface, [I/O API] which is      
     built on top of the netCDF I/O library (Copyright 1993, 1996    
     University Corporation for Atmospheric Research/Unidata         
     Program) and the PVM parallel-programming library (from         
     Oak Ridge National Laboratory).                                 
     Copyright (C) 1992-2002 MCNC,                                   
     (C) 1992-2013 Carlie J. Coats, Jr.,                             
     (C) 2003-2012 Baron Advanced Meteorological Systems, LLC, and   
     (C) 2014-2016 UNC Institute for the Environment.                
     Released under the GNU LGPL  License, version 2.1.  See URL     
                                                                     
         https://www.gnu.org/licenses/old-licenses/lgpl-2.1.html     
                                                                     
     for conditions of use.                                          
                                                                     
     ioapi-3.2: $Id: init3.F90 320 2016-02-26 15:55:00Z coats $
     Version with PARMS3.EXT/PARAMETER::MXVARS3= 2048
     netCDF version 4.3.0 of Jan  3 2018 09:13:06 $
      
      
     EXECUTION_ID: ICON_v531.exe
     Value for ICON_TYPE:  'profile'
     Value for ICON_TYPE:  'profile'
     Value for GRID_NAME:  '2019_BRW'
     Value for GRID_NAME:  '2019_BRW'

     File "GRIDDESC" opened for input on unit:  99
     /nuist/scratch/pb02005030/lism/CMAQ5.3/data/BRW/mcip/2019_BRW/GRIDDESC

     Value for IOAPI_CHECK_HEADERS not defined;returning default:   FALSE
      
     "MET_CRO_3D_FIN" opened as OLD:READ-ONLY   
     File name "/nuist/scratch/pb02005030/lism/CMAQ5.3/data/BRW/mcip/2019_BRW/METCRO3D_190316.nc"
     File type GRDDED3 
     Execution ID "mcip"
     Grid name "2019_BRW_CROSS"
     Dimensions: 180 rows, 219 cols, 34 lays, 16 vbles
     NetCDF ID:     65536  opened as READONLY            
     Starting date and time  2019087:000000 (0:00:00   March 28, 2019)
     Timestep                          010000 (1:00:00 hh:mm:ss)
     Maximum current record number       217


 ###############################################################################
 #  Input file section 
 ###############################################################################

     Initial Concentrations from an input IC profile file.
     Value for IC_PROFILE:  '/nuist/scratch/pb02005030/lism/CMAQ5.3/PREP/icon/scripts/BLD_ICON_v531_gcc/avprofile_cb6r3m_ae7_kmtbr_hemi2016_v53beta2_m3dry_col051_row068.csv'
     Value for IC_PROFILE:  '/nuist/scratch/pb02005030/lism/CMAQ5.3/PREP/icon/scripts/BLD_ICON_v531_gcc/avprofile_cb6r3m_ae7_kmtbr_hemi2016_v53beta2_m3dry_col051_row068.csv'
     Linear vertical interpolation used


 ###############################################################################
 #  Output File Section 
 ###############################################################################
     Value for EXECUTION_ID:  'ICON_v531.exe'
     Value for EXECUTION_ID:  'ICON_v531.exe'


     Total number of ouput files created: 1
     Value for INIT_CONC_1:  '/nuist/scratch/pb02005030/lism/CMAQ5.3/data/BRW/icon/ICON_v531_190316_profile_20190328.nc -v'
     Value for INIT_CONC_1:  '/nuist/scratch/pb02005030/lism/CMAQ5.3/data/BRW/icon/ICON_v531_190316_profile_20190328.nc -v'


     IO/API Header data for IC file 1: INIT_CONC_1     

          EXEC_ID: ICON_v531.exe                                                                   
          FTYPE =    1
          SDATE =       0
          STIME =       0
          TSTEP =       0
          NCOLS =  219
          NROWS =  180
          NLAYS =   34
          NTHIK =    1
          NVARS =  248
          GDTYP =    6
          P_ALP =    1.00000E+00
          P_BET =    6.00000E+01
          P_GAM =   -1.56795E+02
          XCENT =   -1.56795E+02
          YCENT =    7.00000E+01
          XORIG =   -3.28500E+05
          YORIG =   -2.50710E+06
          XCELL =    3.00000E+03
          YCELL =    3.00000E+03
          VGTYP =    7
          VGTOP =    5.00000E+03
          GDNAM = 2019_BRW        

          VGLVS =    1.00000E+00   9.93000E-01   9.83000E-01   9.70000E-01   9.54000E-01
                     9.34000E-01   9.09000E-01   8.80000E-01   8.37541E-01   7.95082E-01
                     7.52622E-01   7.10163E-01   6.34900E-01   5.65540E-01   5.01710E-01
                     4.43057E-01   3.89243E-01   3.39980E-01   2.96209E-01   2.57317E-01
                     2.22762E-01   1.92059E-01   1.64779E-01   1.40541E-01   1.19005E-01
                     9.98694E-02   8.28675E-02   6.77611E-02   5.43389E-02   4.24131E-02
                     3.18168E-02   2.24019E-02   1.40367E-02   6.60400E-03   0.00000E+00


          Output Variables:
          Name               Type  Units             Description
          NO2                  5   ppmV              NO2
          NO                   5   ppmV              NO
          O                    5   ppmV              O
          O3                   5   ppmV              O3
          NO3                  5   ppmV              NO3
          O1D                  5   ppmV              O1D
          OH                   5   ppmV              OH
          HO2                  5   ppmV              HO2
          H2O2                 5   ppmV              H2O2
          N2O5                 5   ppmV              N2O5
          HNO3                 5   ppmV              HNO3
          HONO                 5   ppmV              HONO
          PNA                  5   ppmV              PNA
          SO2                  5   ppmV              SO2
          SULF                 5   ppmV              SULF
          C2O3                 5   ppmV              C2O3
          MEO2                 5   ppmV              MEO2
          RO2                  5   ppmV              RO2
          PAN                  5   ppmV              PAN
          PACD                 5   ppmV              PACD
          AACD                 5   ppmV              AACD
          CXO3                 5   ppmV              CXO3
          ALD2                 5   ppmV              ALD2
          XO2H                 5   ppmV              XO2H
          PANX                 5   ppmV              PANX
          FORM                 5   ppmV              FORM
          MEPX                 5   ppmV              MEPX
          MEOH                 5   ppmV              MEOH
          ROOH                 5   ppmV              ROOH
          XO2                  5   ppmV              XO2
          XO2N                 5   ppmV              XO2N
          XPAR                 5   ppmV              XPAR
          XPRP                 5   ppmV              XPRP
          NTR1                 5   ppmV              NTR1
          NTR2                 5   ppmV              NTR2
          FACD                 5   ppmV              FACD
          CO                   5   ppmV              CO
          HCO3                 5   ppmV              HCO3
          ALDX                 5   ppmV              ALDX
          GLYD                 5   ppmV              GLYD
          GLY                  5   ppmV              GLY
          MGLY                 5   ppmV              MGLY
          ETHA                 5   ppmV              ETHA
          ETOH                 5   ppmV              ETOH
          KET                  5   ppmV              KET
          PAR                  5   ppmV              PAR
          ACET                 5   ppmV              ACET
          PRPA                 5   ppmV              PRPA
          ROR                  5   ppmV              ROR
          ETHY                 5   ppmV              ETHY
          ETH                  5   ppmV              ETH
          OLE                  5   ppmV              OLE
          IOLE                 5   ppmV              IOLE
          ISOP                 5   ppmV              ISOP
          ISO2                 5   ppmV              ISO2
          ISPD                 5   ppmV              ISPD
          INTR                 5   ppmV              INTR
          ISPX                 5   ppmV              ISPX
          HPLD                 5   ppmV              HPLD
          OPO3                 5   ppmV              OPO3
          EPOX                 5   ppmV              EPOX
          EPX2                 5   ppmV              EPX2
          TERP                 5   ppmV              TERP
          APIN                 5   ppmV              APIN
          TERPNRO2             5   ppmV              TERPNRO2
          MTNO3                5   ppmV              MTNO3
          BENZENE              5   ppmV              BENZENE
          CRES                 5   ppmV              CRES
          BZO2                 5   ppmV              BZO2
          OPEN                 5   ppmV              OPEN
          BENZRO2              5   ppmV              BENZRO2
          TOL                  5   ppmV              TOL
          TO2                  5   ppmV              TO2
          TOLRO2               5   ppmV              TOLRO2
          XOPN                 5   ppmV              XOPN
          XYLMN                5   ppmV              XYLMN
          XLO2                 5   ppmV              XLO2
          XYLRO2               5   ppmV              XYLRO2
          NAPH                 5   ppmV              NAPH
          PAHRO2               5   ppmV              PAHRO2
          CRO                  5   ppmV              CRO
          CAT1                 5   ppmV              CAT1
          CRON                 5   ppmV              CRON
          OPAN                 5   ppmV              OPAN
          ECH4                 5   ppmV              ECH4
          CL2                  5   ppmV              CL2
          CL                   5   ppmV              CL
          HOCL                 5   ppmV              HOCL
          CLO                  5   ppmV              CLO
          FMCL                 5   ppmV              FMCL
          HCL                  5   ppmV              HCL
          CLNO2                5   ppmV              CLNO2
          CLNO3                5   ppmV              CLNO3
          SESQ                 5   ppmV              SESQ
          SOAALK               5   ppmV              SOAALK
          H2NO3PIJ             5   ppmV              H2NO3PIJ
          H2NO3PK              5   ppmV              H2NO3PK
          VLVPO1               5   ppmV              VLVPO1
          VSVPO1               5   ppmV              VSVPO1
          VSVPO2               5   ppmV              VSVPO2
          VSVPO3               5   ppmV              VSVPO3
          VIVPO1               5   ppmV              VIVPO1
          VLVOO1               5   ppmV              VLVOO1
          VLVOO2               5   ppmV              VLVOO2
          VSVOO1               5   ppmV              VSVOO1
          VSVOO2               5   ppmV              VSVOO2
          VSVOO3               5   ppmV              VSVOO3
          PCVOC                5   ppmV              PCVOC
          FORM_PRIMARY         5   ppmV              FORM_PRIMARY
          ALD2_PRIMARY         5   ppmV              ALD2_PRIMARY
          BUTADIENE13          5   ppmV              BUTADIENE13
          ACROLEIN             5   ppmV              ACROLEIN
          ACRO_PRIMARY         5   ppmV              ACRO_PRIMARY
          TOLU                 5   ppmV              TOLU
          HG                   5   ppmV              HG
          HGIIGAS              5   ppmV              HGIIGAS
          SVAVB1               5   ppmV              SVAVB1
          SVAVB2               5   ppmV              SVAVB2
          SVAVB3               5   ppmV              SVAVB3
          SVAVB4               5   ppmV              SVAVB4
          BR                   5   ppmV              BR
          BRO                  5   ppmV              BRO
          HOBR                 5   ppmV              HOBR
          HBR                  5   ppmV              HBR
          BR2                  5   ppmV              BR2
          BRNO3                5   ppmV              BRNO3
          BRNO2                5   ppmV              BRNO2
          FMBR                 5   ppmV              FMBR
          CH3BR                5   ppmV              CH3BR
          MB3                  5   ppmV              MB3
          MB2                  5   ppmV              MB2
          MB2C                 5   ppmV              MB2C
          MBC2                 5   ppmV              MBC2
          MBC                  5   ppmV              MBC
          DMS                  5   ppmV              DMS
          MSA                  5   ppmV              MSA
          BRCL                 5   ppmV              BRCL
          I                    5   ppmV              I
          IO                   5   ppmV              IO
          HI                   5   ppmV              HI
          I2                   5   ppmV              I2
          HOI                  5   ppmV              HOI
          INO                  5   ppmV              INO
          INO2                 5   ppmV              INO2
          INO3                 5   ppmV              INO3
          OIO                  5   ppmV              OIO
          I2O4                 5   ppmV              I2O4
          I2O2                 5   ppmV              I2O2
          I2O3                 5   ppmV              I2O3
          CH3I                 5   ppmV              CH3I
          ICL                  5   ppmV              ICL
          IBR                  5   ppmV              IBR
          MI2                  5   ppmV              MI2
          MIB                  5   ppmV              MIB
          MIC                  5   ppmV              MIC
          ASO4J                5   ug m-3            ASO4J
          ASO4I                5   ug m-3            ASO4I
          ANH4J                5   ug m-3            ANH4J
          ANH4I                5   ug m-3            ANH4I
          ANO3J                5   ug m-3            ANO3J
          ANO3I                5   ug m-3            ANO3I
          AISO1J               5   ug m-3            AISO1J
          AISO2J               5   ug m-3            AISO2J
          ASQTJ                5   ug m-3            ASQTJ
          AORGCJ               5   ug m-3            AORGCJ
          AECJ                 5   ug m-3            AECJ
          AECI                 5   ug m-3            AECI
          AOTHRJ               5   ug m-3            AOTHRJ
          AOTHRI               5   ug m-3            AOTHRI
          AFEJ                 5   ug m-3            AFEJ
          AALJ                 5   ug m-3            AALJ
          ASIJ                 5   ug m-3            ASIJ
          ATIJ                 5   ug m-3            ATIJ
          ACAJ                 5   ug m-3            ACAJ
          AMGJ                 5   ug m-3            AMGJ
          AKJ                  5   ug m-3            AKJ
          AMNJ                 5   ug m-3            AMNJ
          ACORS                5   ug m-3            ACORS
          ASOIL                5   ug m-3            ASOIL
          NUMATKN              5   m-3               NUMATKN
          NUMACC               5   m-3               NUMACC
          NUMCOR               5   m-3               NUMCOR
          SRFATKN              5   m2 m-3            SRFATKN
          SRFACC               5   m2 m-3            SRFACC
          SRFCOR               5   m2 m-3            SRFCOR
          AORGH2OJ             5   ug m-3            AORGH2OJ
          AH2OJ                5   ug m-3            AH2OJ
          AH2OI                5   ug m-3            AH2OI
          AH3OPJ               5   ug m-3            AH3OPJ
          AH3OPI               5   ug m-3            AH3OPI
          ANAJ                 5   ug m-3            ANAJ
          ANAI                 5   ug m-3            ANAI
          ACLJ                 5   ug m-3            ACLJ
          ACLI                 5   ug m-3            ACLI
          ASEACAT              5   ug m-3            ASEACAT
          ACLK                 5   ug m-3            ACLK
          ASO4K                5   ug m-3            ASO4K
          ANH4K                5   ug m-3            ANH4K
          ANO3K                5   ug m-3            ANO3K
          AH2OK                5   ug m-3            AH2OK
          AH3OPK               5   ug m-3            AH3OPK
          AISO3J               5   ug m-3            AISO3J
          AOLGAJ               5   ug m-3            AOLGAJ
          AOLGBJ               5   ug m-3            AOLGBJ
          AGLYJ                5   ug m-3            AGLYJ
          AMTNO3J              5   ug m-3            AMTNO3J
          AMTHYDJ              5   ug m-3            AMTHYDJ
          APCSOJ               5   ug m-3            APCSOJ
          ALVPO1I              5   ug m-3            ALVPO1I
          ASVPO1I              5   ug m-3            ASVPO1I
          ASVPO2I              5   ug m-3            ASVPO2I
          ALVPO1J              5   ug m-3            ALVPO1J
          ASVPO1J              5   ug m-3            ASVPO1J
          ASVPO2J              5   ug m-3            ASVPO2J
          ASVPO3J              5   ug m-3            ASVPO3J
          AIVPO1J              5   ug m-3            AIVPO1J
          ALVOO1I              5   ug m-3            ALVOO1I
          ALVOO2I              5   ug m-3            ALVOO2I
          ASVOO1I              5   ug m-3            ASVOO1I
          ASVOO2I              5   ug m-3            ASVOO2I
          ALVOO1J              5   ug m-3            ALVOO1J
          ALVOO2J              5   ug m-3            ALVOO2J
          ASVOO1J              5   ug m-3            ASVOO1J
          ASVOO2J              5   ug m-3            ASVOO2J
          ASVOO3J              5   ug m-3            ASVOO3J
          AAVB1J               5   ug m-3            AAVB1J
          AAVB2J               5   ug m-3            AAVB2J
          AAVB3J               5   ug m-3            AAVB3J
          AAVB4J               5   ug m-3            AAVB4J
          AMT1J                5   ug m-3            AMT1J
          AMT2J                5   ug m-3            AMT2J
          AMT3J                5   ug m-3            AMT3J
          AMT4J                5   ug m-3            AMT4J
          AMT5J                5   ug m-3            AMT5J
          AMT6J                5   ug m-3            AMT6J
          ABRJ                 5   ug m-3            ABRJ
          ABRK                 5   ug m-3            ABRK
          NH3                  5   ppmV              NH3
          SVISO1               5   ppmV              SVISO1
          SVISO2               5   ppmV              SVISO2
          SVSQT                5   ppmV              SVSQT
          LVPCSOG              5   ppmV              LVPCSOG
          SVMT1                5   ppmV              SVMT1
          SVMT2                5   ppmV              SVMT2
          SVMT3                5   ppmV              SVMT3
          SVMT4                5   ppmV              SVMT4
          SVMT5                5   ppmV              SVMT5
          SVMT6                5   ppmV              SVMT6
     
     Value for IOAPI_CHECK_HEADERS not defined;returning default:   FALSE
      
     "INIT_CONC_1" opened as UNKNOWN(R-W)    
     File name "/nuist/scratch/pb02005030/lism/CMAQ5.3/data/BRW/icon/ICON_v531_190316_profile_20190328.nc"
     File type GRDDED3 
     Execution ID "ICON_v531.exe"
     Grid name "2019_BRW"
     Dimensions: 180 rows, 219 cols, 34 lays, 248 vbles
     NetCDF ID:    131072  opened as VOLATILE READWRITE  
     Time-independent data.
     Value for IOAPI_LOG_WRITE:  F returning FALSE


     >>---->  Program  ICON completed successfully  <----<< 


1.984u 1.113s 0:09.31 33.1%	0+0k 0+0io 0pf+0w
exit ( )
